TN:
SF:script/DeployOurToken.s.sol
FN:11,DeployOurToken.run
FNDA:0,DeployOurToken.run
DA:12,0
DA:13,0
DA:14,0
DA:16,0
FNF:1
FNH:0
LF:4
LH:0
BRF:0
BRH:0
end_of_record
TN:
SF:src/ManualToken.sol
FN:8,ManualToken.name
FNDA:0,ManualToken.name
DA:9,0
FN:12,ManualToken.decimals
FNDA:0,ManualToken.decimals
DA:13,0
FN:16,ManualToken.totalSupply
FNDA:0,ManualToken.totalSupply
DA:17,0
FN:20,ManualToken.balanceOf
FNDA:0,ManualToken.balanceOf
DA:21,0
FN:24,ManualToken.transfer
FNDA:0,ManualToken.transfer
DA:25,0
DA:26,0
DA:27,0
DA:28,0
BRDA:28,0,0,-
BRDA:28,0,1,-
FNF:5
FNH:0
LF:8
LH:0
BRF:2
BRH:0
end_of_record
